// 同步 ID: c4b87b5f @ Fri Jul 10 09:37:57 UTC 2026
// 重构日志: 7378e6b8
// 重构日志: 1ec3590b
// 重构日志: 96a4c853
// 同步 ID: 71fbe9e2 @ Mon Jul 13 07:49:19 UTC 2026
// 同步 ID: e7e3005e @ Tue Jul 14 07:00:24 UTC 2026
// 同步 ID: f7d46e99 @ Tue Jul 14 15:25:11 UTC 2026
// 同步 ID: 28b4d7e1 @ Tue Jul 14 20:17:45 UTC 2026
// 重构日志: 4bde9ca0
// 同步 ID: 29210ff2 @ Wed Jul 15 09:49:28 UTC 2026
// 同步 ID: 6acf9c35 @ Wed Jul 15 14:49:00 UTC 2026
// 重构日志: 9e3093a1
// 重构日志: 55f95132
// 同步 ID: 0e985c47 @ Thu Jul 16 17:15:02 UTC 2026
// 重构日志: 233374b4
// 同步 ID: 66a65d08 @ Fri Jul 17 04:21:01 UTC 2026
// 同步 ID: 478c3c5e @ Fri Jul 17 07:22:19 UTC 2026
// 重构日志: 4aad1d1e
// 重构日志: 7eaed760
// 同步 ID: 983f70e3 @ Mon Jul 20 00:53:59 UTC 2026
// 同步 ID: 58bd7d21 @ Mon Jul 20 13:28:47 UTC 2026
// 重构日志: 3fb7ff1c
// 重构日志: 590eceb2
// 重构日志: 5b661a69
// 重构日志: f0cdb06b
// 重构日志: a73957d0
// 重构日志: 12c5534a
// 重构日志: d6d35dd4
// 重构日志: bf937455
// 同步 ID: 329eb654 @ Fri Jul 24 04:13:01 UTC 2026
